{"timestamp":"2025-12-08T16:46:02.136739Z","level":"info","event":"DAG bundles loaded: dags-folder","logger":"airflow.dag_processing.bundles.manager.DagBundlesManager","filename":"manager.py","lineno":179}
{"timestamp":"2025-12-08T16:46:02.138305Z","level":"info","event":"Filling up the DagBag from /workspace/airflow/dags/submit_pyspark_job.py","logger":"airflow.models.dagbag.DagBag","filename":"dagbag.py","lineno":593}
{"timestamp":"2025-12-08T16:46:03.482393Z","level":"info","event":"ssh_hook is not provided or invalid. Trying ssh_conn_id to create SSHHook.","logger":"airflow.task.operators.airflow.providers.ssh.operators.ssh.SSHOperator","filename":"ssh.py","lineno":127}
{"timestamp":"2025-12-08T16:46:03.523432Z","level":"warning","event":"No Host Key Verification. This won't protect against Man-In-The-Middle attacks","logger":"airflow.task.hooks.airflow.providers.ssh.hooks.ssh.SSHHook","filename":"ssh.py","lineno":298}
{"timestamp":"2025-12-08T16:46:03.589318Z","level":"error","event":"Exception (client): Error reading SSH protocol banner","logger":"paramiko.transport","filename":"transport.py","lineno":1944}
{"timestamp":"2025-12-08T16:46:03.611056Z","level":"error","event":"Traceback (most recent call last):","logger":"paramiko.transport","filename":"transport.py","lineno":1942}
{"timestamp":"2025-12-08T16:46:03.611215Z","level":"error","event":"  File \"/workspace/airflow/.venv/lib/python3.12/site-packages/paramiko/transport.py\", line 2369, in _check_banner","logger":"paramiko.transport","filename":"transport.py","lineno":1942}
{"timestamp":"2025-12-08T16:46:03.611414Z","level":"error","event":"    buf = self.packetizer.readline(timeout)","logger":"paramiko.transport","filename":"transport.py","lineno":1942}
{"timestamp":"2025-12-08T16:46:03.611552Z","level":"error","event":"          ^^^^^^^^^^^^^^^^^^^^^^^^^^^^^^^^^","logger":"paramiko.transport","filename":"transport.py","lineno":1942}
{"timestamp":"2025-12-08T16:46:03.611614Z","level":"error","event":"  File \"/workspace/airflow/.venv/lib/python3.12/site-packages/paramiko/packet.py\", line 395, in readline","logger":"paramiko.transport","filename":"transport.py","lineno":1942}
{"timestamp":"2025-12-08T16:46:03.611659Z","level":"error","event":"    buf += self._read_timeout(timeout)","logger":"paramiko.transport","filename":"transport.py","lineno":1942}
{"timestamp":"2025-12-08T16:46:03.611701Z","level":"error","event":"           ^^^^^^^^^^^^^^^^^^^^^^^^^^^","logger":"paramiko.transport","filename":"transport.py","lineno":1942}
{"timestamp":"2025-12-08T16:46:03.611746Z","level":"error","event":"  File \"/workspace/airflow/.venv/lib/python3.12/site-packages/paramiko/packet.py\", line 665, in _read_timeout","logger":"paramiko.transport","filename":"transport.py","lineno":1942}
{"timestamp":"2025-12-08T16:46:03.611790Z","level":"error","event":"    raise EOFError()","logger":"paramiko.transport","filename":"transport.py","lineno":1942}
{"timestamp":"2025-12-08T16:46:03.611830Z","level":"error","event":"EOFError","logger":"paramiko.transport","filename":"transport.py","lineno":1942}
{"timestamp":"2025-12-08T16:46:03.611870Z","level":"error","event":"","logger":"paramiko.transport","filename":"transport.py","lineno":1942}
{"timestamp":"2025-12-08T16:46:03.611914Z","level":"error","event":"During handling of the above exception, another exception occurred:","logger":"paramiko.transport","filename":"transport.py","lineno":1942}
{"timestamp":"2025-12-08T16:46:03.611963Z","level":"error","event":"","logger":"paramiko.transport","filename":"transport.py","lineno":1942}
{"timestamp":"2025-12-08T16:46:03.612004Z","level":"error","event":"Traceback (most recent call last):","logger":"paramiko.transport","filename":"transport.py","lineno":1942}
{"timestamp":"2025-12-08T16:46:03.612042Z","level":"error","event":"  File \"/workspace/airflow/.venv/lib/python3.12/site-packages/paramiko/transport.py\", line 2185, in run","logger":"paramiko.transport","filename":"transport.py","lineno":1942}
{"timestamp":"2025-12-08T16:46:03.612086Z","level":"error","event":"    self._check_banner()","logger":"paramiko.transport","filename":"transport.py","lineno":1942}
{"timestamp":"2025-12-08T16:46:03.612125Z","level":"error","event":"  File \"/workspace/airflow/.venv/lib/python3.12/site-packages/paramiko/transport.py\", line 2373, in _check_banner","logger":"paramiko.transport","filename":"transport.py","lineno":1942}
{"timestamp":"2025-12-08T16:46:03.612183Z","level":"error","event":"    raise SSHException(","logger":"paramiko.transport","filename":"transport.py","lineno":1942}
{"timestamp":"2025-12-08T16:46:03.612240Z","level":"error","event":"paramiko.ssh_exception.SSHException: Error reading SSH protocol banner","logger":"paramiko.transport","filename":"transport.py","lineno":1942}
{"timestamp":"2025-12-08T16:46:03.612299Z","level":"error","event":"","logger":"paramiko.transport","filename":"transport.py","lineno":1942}
{"timestamp":"2025-12-08T16:46:03.614125Z","level":"info","event":"Failed to connect. Sleeping before retry attempt 1","logger":"airflow.task.hooks.airflow.providers.ssh.hooks.ssh.SSHHook","filename":"ssh.py","lineno":341}
{"timestamp":"2025-12-08T16:46:08.278371Z","level":"error","event":"Exception (client): Error reading SSH protocol banner","logger":"paramiko.transport","filename":"transport.py","lineno":1944}
{"timestamp":"2025-12-08T16:46:08.284219Z","level":"error","event":"Traceback (most recent call last):","logger":"paramiko.transport","filename":"transport.py","lineno":1942}
{"timestamp":"2025-12-08T16:46:08.284364Z","level":"error","event":"  File \"/workspace/airflow/.venv/lib/python3.12/site-packages/paramiko/transport.py\", line 2369, in _check_banner","logger":"paramiko.transport","filename":"transport.py","lineno":1942}
{"timestamp":"2025-12-08T16:46:08.284414Z","level":"error","event":"    buf = self.packetizer.readline(timeout)","logger":"paramiko.transport","filename":"transport.py","lineno":1942}
{"timestamp":"2025-12-08T16:46:08.284468Z","level":"error","event":"          ^^^^^^^^^^^^^^^^^^^^^^^^^^^^^^^^^","logger":"paramiko.transport","filename":"transport.py","lineno":1942}
{"timestamp":"2025-12-08T16:46:08.284518Z","level":"error","event":"  File \"/workspace/airflow/.venv/lib/python3.12/site-packages/paramiko/packet.py\", line 395, in readline","logger":"paramiko.transport","filename":"transport.py","lineno":1942}
{"timestamp":"2025-12-08T16:46:08.284562Z","level":"error","event":"    buf += self._read_timeout(timeout)","logger":"paramiko.transport","filename":"transport.py","lineno":1942}
{"timestamp":"2025-12-08T16:46:08.284624Z","level":"error","event":"           ^^^^^^^^^^^^^^^^^^^^^^^^^^^","logger":"paramiko.transport","filename":"transport.py","lineno":1942}
{"timestamp":"2025-12-08T16:46:08.284655Z","level":"error","event":"  File \"/workspace/airflow/.venv/lib/python3.12/site-packages/paramiko/packet.py\", line 665, in _read_timeout","logger":"paramiko.transport","filename":"transport.py","lineno":1942}
{"timestamp":"2025-12-08T16:46:08.284706Z","level":"error","event":"    raise EOFError()","logger":"paramiko.transport","filename":"transport.py","lineno":1942}
{"timestamp":"2025-12-08T16:46:08.284774Z","level":"error","event":"EOFError","logger":"paramiko.transport","filename":"transport.py","lineno":1942}
{"timestamp":"2025-12-08T16:46:08.284825Z","level":"error","event":"","logger":"paramiko.transport","filename":"transport.py","lineno":1942}
{"timestamp":"2025-12-08T16:46:08.284882Z","level":"error","event":"During handling of the above exception, another exception occurred:","logger":"paramiko.transport","filename":"transport.py","lineno":1942}
{"timestamp":"2025-12-08T16:46:08.284959Z","level":"error","event":"","logger":"paramiko.transport","filename":"transport.py","lineno":1942}
{"timestamp":"2025-12-08T16:46:08.285025Z","level":"error","event":"Traceback (most recent call last):","logger":"paramiko.transport","filename":"transport.py","lineno":1942}
{"timestamp":"2025-12-08T16:46:08.285073Z","level":"error","event":"  File \"/workspace/airflow/.venv/lib/python3.12/site-packages/paramiko/transport.py\", line 2185, in run","logger":"paramiko.transport","filename":"transport.py","lineno":1942}
{"timestamp":"2025-12-08T16:46:08.285127Z","level":"error","event":"    self._check_banner()","logger":"paramiko.transport","filename":"transport.py","lineno":1942}
{"timestamp":"2025-12-08T16:46:08.285160Z","level":"error","event":"  File \"/workspace/airflow/.venv/lib/python3.12/site-packages/paramiko/transport.py\", line 2373, in _check_banner","logger":"paramiko.transport","filename":"transport.py","lineno":1942}
{"timestamp":"2025-12-08T16:46:08.285210Z","level":"error","event":"    raise SSHException(","logger":"paramiko.transport","filename":"transport.py","lineno":1942}
{"timestamp":"2025-12-08T16:46:08.285267Z","level":"error","event":"paramiko.ssh_exception.SSHException: Error reading SSH protocol banner","logger":"paramiko.transport","filename":"transport.py","lineno":1942}
{"timestamp":"2025-12-08T16:46:08.285309Z","level":"error","event":"","logger":"paramiko.transport","filename":"transport.py","lineno":1942}
{"timestamp":"2025-12-08T16:46:08.285777Z","level":"info","event":"Failed to connect. Sleeping before retry attempt 2","logger":"airflow.task.hooks.airflow.providers.ssh.hooks.ssh.SSHHook","filename":"ssh.py","lineno":341}
{"timestamp":"2025-12-08T16:46:10.505323Z","level":"error","event":"Exception (client): Error reading SSH protocol banner","logger":"paramiko.transport","filename":"transport.py","lineno":1944}
{"timestamp":"2025-12-08T16:46:10.510245Z","level":"error","event":"Traceback (most recent call last):","logger":"paramiko.transport","filename":"transport.py","lineno":1942}
{"timestamp":"2025-12-08T16:46:10.510446Z","level":"error","event":"  File \"/workspace/airflow/.venv/lib/python3.12/site-packages/paramiko/transport.py\", line 2369, in _check_banner","logger":"paramiko.transport","filename":"transport.py","lineno":1942}
{"timestamp":"2025-12-08T16:46:10.510543Z","level":"error","event":"    buf = self.packetizer.readline(timeout)","logger":"paramiko.transport","filename":"transport.py","lineno":1942}
{"timestamp":"2025-12-08T16:46:10.510629Z","level":"error","event":"          ^^^^^^^^^^^^^^^^^^^^^^^^^^^^^^^^^","logger":"paramiko.transport","filename":"transport.py","lineno":1942}
{"timestamp":"2025-12-08T16:46:10.510696Z","level":"error","event":"  File \"/workspace/airflow/.venv/lib/python3.12/site-packages/paramiko/packet.py\", line 395, in readline","logger":"paramiko.transport","filename":"transport.py","lineno":1942}
{"timestamp":"2025-12-08T16:46:10.510771Z","level":"error","event":"    buf += self._read_timeout(timeout)","logger":"paramiko.transport","filename":"transport.py","lineno":1942}
{"timestamp":"2025-12-08T16:46:10.510810Z","level":"error","event":"           ^^^^^^^^^^^^^^^^^^^^^^^^^^^","logger":"paramiko.transport","filename":"transport.py","lineno":1942}
{"timestamp":"2025-12-08T16:46:10.510857Z","level":"error","event":"  File \"/workspace/airflow/.venv/lib/python3.12/site-packages/paramiko/packet.py\", line 665, in _read_timeout","logger":"paramiko.transport","filename":"transport.py","lineno":1942}
{"timestamp":"2025-12-08T16:46:10.510945Z","level":"error","event":"    raise EOFError()","logger":"paramiko.transport","filename":"transport.py","lineno":1942}
{"timestamp":"2025-12-08T16:46:10.511008Z","level":"error","event":"EOFError","logger":"paramiko.transport","filename":"transport.py","lineno":1942}
{"timestamp":"2025-12-08T16:46:10.511079Z","level":"error","event":"","logger":"paramiko.transport","filename":"transport.py","lineno":1942}
{"timestamp":"2025-12-08T16:46:10.511117Z","level":"error","event":"During handling of the above exception, another exception occurred:","logger":"paramiko.transport","filename":"transport.py","lineno":1942}
{"timestamp":"2025-12-08T16:46:10.511204Z","level":"error","event":"","logger":"paramiko.transport","filename":"transport.py","lineno":1942}
{"timestamp":"2025-12-08T16:46:10.511285Z","level":"error","event":"Traceback (most recent call last):","logger":"paramiko.transport","filename":"transport.py","lineno":1942}
{"timestamp":"2025-12-08T16:46:10.511347Z","level":"error","event":"  File \"/workspace/airflow/.venv/lib/python3.12/site-packages/paramiko/transport.py\", line 2185, in run","logger":"paramiko.transport","filename":"transport.py","lineno":1942}
{"timestamp":"2025-12-08T16:46:10.511404Z","level":"error","event":"    self._check_banner()","logger":"paramiko.transport","filename":"transport.py","lineno":1942}
{"timestamp":"2025-12-08T16:46:10.511441Z","level":"error","event":"  File \"/workspace/airflow/.venv/lib/python3.12/site-packages/paramiko/transport.py\", line 2373, in _check_banner","logger":"paramiko.transport","filename":"transport.py","lineno":1942}
{"timestamp":"2025-12-08T16:46:10.511521Z","level":"error","event":"    raise SSHException(","logger":"paramiko.transport","filename":"transport.py","lineno":1942}
{"timestamp":"2025-12-08T16:46:10.511622Z","level":"error","event":"paramiko.ssh_exception.SSHException: Error reading SSH protocol banner","logger":"paramiko.transport","filename":"transport.py","lineno":1942}
{"timestamp":"2025-12-08T16:46:10.511692Z","level":"error","event":"","logger":"paramiko.transport","filename":"transport.py","lineno":1942}
{"timestamp":"2025-12-08T16:46:10.512248Z","level":"error","event":"Task failed with exception","logger":"task","filename":"task_runner.py","lineno":1002,"error_detail":[{"exc_type":"SSHException","exc_value":"Error reading SSH protocol banner","exc_notes":[],"syntax_error":null,"is_cause":false,"frames":[{"filename":"/workspace/airflow/.venv/lib/python3.12/site-packages/airflow/sdk/execution_time/task_runner.py","lineno":928,"name":"run"},{"filename":"/workspace/airflow/.venv/lib/python3.12/site-packages/airflow/sdk/execution_time/task_runner.py","lineno":1315,"name":"_execute_task"},{"filename":"/workspace/airflow/.venv/lib/python3.12/site-packages/airflow/sdk/bases/operator.py","lineno":416,"name":"wrapper"},{"filename":"/workspace/airflow/.venv/lib/python3.12/site-packages/airflow/providers/ssh/operators/ssh.py","lineno":176,"name":"execute"},{"filename":"/workspace/airflow/.venv/lib/python3.12/site-packages/airflow/providers/ssh/operators/ssh.py","lineno":150,"name":"get_ssh_client"},{"filename":"/workspace/airflow/.venv/lib/python3.12/site-packages/airflow/providers/ssh/hooks/ssh.py","lineno":345,"name":"get_conn"},{"filename":"/workspace/airflow/.venv/lib/python3.12/site-packages/tenacity/__init__.py","lineno":445,"name":"__iter__"},{"filename":"/workspace/airflow/.venv/lib/python3.12/site-packages/tenacity/__init__.py","lineno":378,"name":"iter"},{"filename":"/workspace/airflow/.venv/lib/python3.12/site-packages/tenacity/__init__.py","lineno":420,"name":"exc_check"},{"filename":"/workspace/airflow/.venv/lib/python3.12/site-packages/tenacity/__init__.py","lineno":187,"name":"reraise"},{"filename":"/usr/lib/python3.12/concurrent/futures/_base.py","lineno":449,"name":"result"},{"filename":"/usr/lib/python3.12/concurrent/futures/_base.py","lineno":401,"name":"__get_result"},{"filename":"/workspace/airflow/.venv/lib/python3.12/site-packages/airflow/providers/ssh/hooks/ssh.py","lineno":352,"name":"get_conn"},{"filename":"/workspace/airflow/.venv/lib/python3.12/site-packages/paramiko/client.py","lineno":451,"name":"connect"},{"filename":"/workspace/airflow/.venv/lib/python3.12/site-packages/paramiko/transport.py","lineno":773,"name":"start_client"},{"filename":"/workspace/airflow/.venv/lib/python3.12/site-packages/paramiko/transport.py","lineno":2185,"name":"run"},{"filename":"/workspace/airflow/.venv/lib/python3.12/site-packages/paramiko/transport.py","lineno":2373,"name":"_check_banner"}],"is_group":false,"exceptions":[]},{"exc_type":"EOFError","exc_value":"","exc_notes":[],"syntax_error":null,"is_cause":false,"frames":[{"filename":"/workspace/airflow/.venv/lib/python3.12/site-packages/paramiko/transport.py","lineno":2369,"name":"_check_banner"},{"filename":"/workspace/airflow/.venv/lib/python3.12/site-packages/paramiko/packet.py","lineno":395,"name":"readline"},{"filename":"/workspace/airflow/.venv/lib/python3.12/site-packages/paramiko/packet.py","lineno":665,"name":"_read_timeout"}],"is_group":false,"exceptions":[]}]}
